#This file was generated using SimGrid-3.14.159
#[./hw2 --cfg=tracing:yes --cfg=tracing/filename:smpi_simgrid.trace --cfg=tracing/smpi:yes --cfg=surf/precision:1e-9 --cfg=network/model:SMPI --cfg=network/TCP-gamma:4194304 platform.xml smpitmp-appRN2Yts ]
%EventDef PajeDefineContainerType 0
%       Alias string
%       Type string
%       Name string
%EndEventDef
%EventDef PajeDefineVariableType 1
%       Alias string
%       Type string
%       Name string
%       Color color
%EndEventDef
%EventDef PajeDefineStateType 2
%       Alias string
%       Type string
%       Name string
%EndEventDef
%EventDef PajeDefineEventType 3
%       Alias string
%       Type string
%       Name string
%EndEventDef
%EventDef PajeDefineLinkType 4
%       Alias string
%       Type string
%       StartContainerType string
%       EndContainerType string
%       Name string
%EndEventDef
%EventDef PajeDefineEntityValue 5
%       Alias string
%       Type string
%       Name string
%       Color color
%EndEventDef
%EventDef PajeCreateContainer 6
%       Time date
%       Alias string
%       Type string
%       Container string
%       Name string
%EndEventDef
%EventDef PajeDestroyContainer 7
%       Time date
%       Type string
%       Name string
%EndEventDef
%EventDef PajeSetVariable 8
%       Time date
%       Type string
%       Container string
%       Value double
%EndEventDef
%EventDef PajeAddVariable 9
%       Time date
%       Type string
%       Container string
%       Value double
%EndEventDef
%EventDef PajeSubVariable 10
%       Time date
%       Type string
%       Container string
%       Value double
%EndEventDef
%EventDef PajeSetState 11
%       Time date
%       Type string
%       Container string
%       Value string
%EndEventDef
%EventDef PajePushState 12
%       Time date
%       Type string
%       Container string
%       Value string
%EndEventDef
%EventDef PajePopState 13
%       Time date
%       Type string
%       Container string
%EndEventDef
%EventDef PajeResetState 14
%       Time date
%       Type string
%       Container string
%EndEventDef
%EventDef PajeStartLink 15
%       Time date
%       Type string
%       Container string
%       Value string
%       StartContainer string
%       Key string
%EndEventDef
%EventDef PajeEndLink 16
%       Time date
%       Type string
%       Container string
%       Value string
%       EndContainer string
%       Key string
%EndEventDef
%EventDef PajeNewEvent 17
%       Time date
%       Type string
%       Container string
%       Value string
%EndEventDef
0 1 0 MPI
2 2 1 MPI_STATE
4 3 0 1 1 MPI_LINK
6 0 1 1 0 "rank-0"
5 4 2 PMPI_Init "0 1 0"
6 0 2 1 0 "rank-1"
6 0 3 1 0 "rank-2"
6 0 4 1 0 "rank-3"
6 0 5 1 0 "rank-4"
6 0 6 1 0 "rank-5"
6 0 7 1 0 "rank-6"
6 0 8 1 0 "rank-7"
12 0 2 1 4
13 0 2 1
12 0 2 2 4
13 0 2 2
12 0 2 3 4
13 0 2 3
12 0 2 4 4
13 0 2 4
12 0 2 5 4
13 0 2 5
12 0 2 6 4
13 0 2 6
12 0 2 7 4
13 0 2 7
12 0 2 8 4
13 0 2 8
5 5 2 PMPI_Recv "1 0 0"
5 6 2 PMPI_Send "0 0 1"
5 7 2 PMPI_Finalize "0 1 0"
12 0.000000 2 4 5
12 0.000000 2 6 5
12 0.000000 2 7 5
12 0.000000 2 8 5
12 0.000000 2 5 5
12 0.000000 2 3 5
12 0.000000 2 2 5
12 0.000000 2 1 6
15 0.000000 3 0 PTP 1 0_1_1_1
13 0.000000 2 1
12 0.000000 2 1 7
13 0.001209 2 2
12 0.001209 2 2 6
15 0.001209 3 0 PTP 2 1_2_2_2
13 0.001209 2 2
12 0.001209 2 2 7
13 0.002418 2 3
12 0.002418 2 3 6
15 0.002418 3 0 PTP 3 2_3_3_3
13 0.002418 2 3
12 0.002418 2 3 7
13 0.003627 2 4
12 0.003627 2 4 6
15 0.003627 3 0 PTP 4 3_4_4_4
13 0.003627 2 4
12 0.003627 2 4 7
13 0.004835 2 5
12 0.004835 2 5 6
15 0.004835 3 0 PTP 5 4_5_5_5
13 0.004835 2 5
12 0.004835 2 5 7
13 0.006044 2 6
12 0.006044 2 6 6
15 0.006044 3 0 PTP 6 5_6_6_6
13 0.006044 2 6
12 0.006044 2 6 7
13 0.007253 2 7
12 0.007253 2 7 6
15 0.007253 3 0 PTP 7 6_7_7_7
13 0.007253 2 7
12 0.007253 2 7 7
13 0.008462 2 8
12 0.008462 2 8 7
13 0.008462 2 8
7 0.008462 1 8
13 0.008462 2 1
7 0.008462 1 1
13 0.008462 2 2
7 0.008462 1 2
13 0.008462 2 3
7 0.008462 1 3
13 0.008462 2 4
7 0.008462 1 4
13 0.008462 2 5
7 0.008462 1 5
13 0.008462 2 6
7 0.008462 1 6
13 0.008462 2 7
7 0.008462 1 7

